  main.cpp
C:\Users\KimJH\RandomTurnRpgProject\EternalHunter\main.cpp(1,1): warning C4819: 현재 코드 페이지(949)에서 표시할 수 없는 문자가 파일에 들어 있습니다. 데이터가 손실되지 않게 하려면 해당 파일을 유니코드 형식으로 저장하십시오.
C:\Users\KimJH\RandomTurnRpgProject\EternalHunter\main.h(1,1): warning C4819: 현재 코드 페이지(949)에서 표시할 수 없는 문자가 파일에 들어 있습니다. 데이터가 손실되지 않게 하려면 해당 파일을 유니코드 형식으로 저장하십시오.
  (소스 파일 'main.cpp'을(를) 컴파일하는 중)
  
C:\Users\KimJH\RandomTurnRpgProject\EternalHunter\item.h(4,9): error C3646: 'name': 알 수 없는 재정의 지정자입니다.
  (소스 파일 'main.cpp'을(를) 컴파일하는 중)
  
C:\Users\KimJH\RandomTurnRpgProject\EternalHunter\item.h(4,13): error C4430: 형식 지정자가 없습니다. int로 가정합니다. 참고: C++에서는 기본 int를 지원하지 않습니다.
  (소스 파일 'main.cpp'을(를) 컴파일하는 중)
  
C:\Users\KimJH\RandomTurnRpgProject\EternalHunter\item.h(11,7): error C2061: 구문 오류: 식별자 'string'
  (소스 파일 'main.cpp'을(를) 컴파일하는 중)
  
C:\Users\KimJH\RandomTurnRpgProject\EternalHunter\item.h(11,2): error C2535: 'Item::Item(void)': 멤버 함수를 이미 정의했거나 선언했습니다.
  (소스 파일 'main.cpp'을(를) 컴파일하는 중)
      C:\Users\KimJH\RandomTurnRpgProject\EternalHunter\item.h(10,2):
      'Item::Item' 선언을 참조하십시오.
  
C:\Users\KimJH\RandomTurnRpgProject\EternalHunter\item.h(13,9): error C3646: 'getName': 알 수 없는 재정의 지정자입니다.
  (소스 파일 'main.cpp'을(를) 컴파일하는 중)
  
C:\Users\KimJH\RandomTurnRpgProject\EternalHunter\item.h(13,16): error C2059: 구문 오류: '('
  (소스 파일 'main.cpp'을(를) 컴파일하는 중)
  
C:\Users\KimJH\RandomTurnRpgProject\EternalHunter\item.h(13,19): error C2334: '{' 앞에 예기치 않은 토큰이 있습니다. 명백한 함수 본문을 건너뜁니다.
  (소스 파일 'main.cpp'을(를) 컴파일하는 중)
  
C:\Users\KimJH\RandomTurnRpgProject\EternalHunter\item.h(10,9): error C2614: 'Item': 멤버 초기화가 잘못되었습니다. 'name'이(가) 기본 또는 멤버가 아닙니다.
  (소스 파일 'main.cpp'을(를) 컴파일하는 중)
  
C:\Users\KimJH\RandomTurnRpgProject\EternalHunter\item.h(11,74): error C2065: 'name': 선언되지 않은 식별자입니다.
  (소스 파일 'main.cpp'을(를) 컴파일하는 중)
  
C:\Users\KimJH\RandomTurnRpgProject\EternalHunter\item.h(11,69): error C2614: 'Item': 멤버 초기화가 잘못되었습니다. 'name'이(가) 기본 또는 멤버가 아닙니다.
  (소스 파일 'main.cpp'을(를) 컴파일하는 중)
  
C:\Users\KimJH\RandomTurnRpgProject\EternalHunter\item.h(23,23): error C2661: 'Item::Item': 오버로드된 함수에서 4개의 인수를 사용하지 않습니다.
  (소스 파일 'main.cpp'을(를) 컴파일하는 중)
      C:\Users\KimJH\RandomTurnRpgProject\EternalHunter\item.h(23,23):
      인수 목록 '(const char [14], int, int, int)'을(를) 일치시키는 동안
  
C:\Users\KimJH\RandomTurnRpgProject\EternalHunter\item.h(28,22): error C2661: 'Item::Item': 오버로드된 함수에서 4개의 인수를 사용하지 않습니다.
  (소스 파일 'main.cpp'을(를) 컴파일하는 중)
      C:\Users\KimJH\RandomTurnRpgProject\EternalHunter\item.h(28,22):
      인수 목록 '(const char [13], int, int, int)'을(를) 일치시키는 동안
  
C:\Users\KimJH\RandomTurnRpgProject\EternalHunter\item.h(2,1): error C2011: 'Item': 'class' 형식 재정의
  (소스 파일 'main.cpp'을(를) 컴파일하는 중)
      C:\Users\KimJH\RandomTurnRpgProject\EternalHunter\item.h(1,7):
      'Item' 선언을 참조하십시오.
  
C:\Users\KimJH\RandomTurnRpgProject\EternalHunter\item.h(20,20): error C2011: 'HealthPotion': 'class' 형식 재정의
  (소스 파일 'main.cpp'을(를) 컴파일하는 중)
      C:\Users\KimJH\RandomTurnRpgProject\EternalHunter\item.h(20,7):
      'HealthPotion' 선언을 참조하십시오.
  
C:\Users\KimJH\RandomTurnRpgProject\EternalHunter\item.h(25,19): error C2011: 'DamageBoost': 'class' 형식 재정의
  (소스 파일 'main.cpp'을(를) 컴파일하는 중)
      C:\Users\KimJH\RandomTurnRpgProject\EternalHunter\item.h(25,7):
      'DamageBoost' 선언을 참조하십시오.
  
C:\Users\KimJH\RandomTurnRpgProject\EternalHunter\character.h(17,12): warning C4244: '인수': 'time_t'에서 'unsigned int'(으)로 변환하면서 데이터가 손실될 수 있습니다.
  (소스 파일 'main.cpp'을(를) 컴파일하는 중)
  
C:\Users\KimJH\RandomTurnRpgProject\EternalHunter\character.h(36,4): warning C4150: 불완전한 형식 'Item'에 대한 포인터를 삭제했습니다. 소멸자가 호출되지 않습니다.
  (소스 파일 'main.cpp'을(를) 컴파일하는 중)
      C:\Users\KimJH\RandomTurnRpgProject\EternalHunter\item.h(1,7):
      'Item' 선언을 참조하십시오.
  
C:\Users\KimJH\RandomTurnRpgProject\EternalHunter\character.h(59,16): error C2027: 정의되지 않은 형식 'Item'을(를) 사용했습니다.
  (소스 파일 'main.cpp'을(를) 컴파일하는 중)
      C:\Users\KimJH\RandomTurnRpgProject\EternalHunter\item.h(1,7):
      'Item' 선언을 참조하십시오.
  
C:\Users\KimJH\RandomTurnRpgProject\EternalHunter\character.h(60,16): error C2027: 정의되지 않은 형식 'Item'을(를) 사용했습니다.
  (소스 파일 'main.cpp'을(를) 컴파일하는 중)
      C:\Users\KimJH\RandomTurnRpgProject\EternalHunter\item.h(1,7):
      'Item' 선언을 참조하십시오.
  
C:\Users\KimJH\RandomTurnRpgProject\EternalHunter\player.h(4,14): error C2011: 'Player': 'class' 형식 재정의
  (소스 파일 'main.cpp'을(를) 컴파일하는 중)
      C:\Users\KimJH\RandomTurnRpgProject\EternalHunter\player.h(4,7):
      'Player' 선언을 참조하십시오.
  
C:\Users\KimJH\RandomTurnRpgProject\EternalHunter\Shop.h(13,28): error C2027: 정의되지 않은 형식 'HealthPotion'을(를) 사용했습니다.
  (소스 파일 'main.cpp'을(를) 컴파일하는 중)
      C:\Users\KimJH\RandomTurnRpgProject\EternalHunter\item.h(20,7):
      'HealthPotion' 선언을 참조하십시오.
  
C:\Users\KimJH\RandomTurnRpgProject\EternalHunter\Shop.h(13,46): error C2027: 정의되지 않은 형식 'DamageBoost'을(를) 사용했습니다.
  (소스 파일 'main.cpp'을(를) 컴파일하는 중)
      C:\Users\KimJH\RandomTurnRpgProject\EternalHunter\item.h(25,7):
      'DamageBoost' 선언을 참조하십시오.
  
C:\Users\KimJH\RandomTurnRpgProject\EternalHunter\Shop.h(18,4): warning C4150: 불완전한 형식 'Item'에 대한 포인터를 삭제했습니다. 소멸자가 호출되지 않습니다.
  (소스 파일 'main.cpp'을(를) 컴파일하는 중)
      C:\Users\KimJH\RandomTurnRpgProject\EternalHunter\item.h(1,7):
      'Item' 선언을 참조하십시오.
  
C:\Users\KimJH\RandomTurnRpgProject\EternalHunter\Shop.h(61,34): error C2027: 정의되지 않은 형식 'Item'을(를) 사용했습니다.
  (소스 파일 'main.cpp'을(를) 컴파일하는 중)
      C:\Users\KimJH\RandomTurnRpgProject\EternalHunter\item.h(1,7):
      'Item' 선언을 참조하십시오.
  
C:\Users\KimJH\RandomTurnRpgProject\EternalHunter\Shop.h(67,7): error C2027: 정의되지 않은 형식 'Player'을(를) 사용했습니다.
  (소스 파일 'main.cpp'을(를) 컴파일하는 중)
      C:\Users\KimJH\RandomTurnRpgProject\EternalHunter\player.h(4,7):
      'Player' 선언을 참조하십시오.
  
C:\Users\KimJH\RandomTurnRpgProject\EternalHunter\Shop.h(67,41): error C2027: 정의되지 않은 형식 'Item'을(를) 사용했습니다.
  (소스 파일 'main.cpp'을(를) 컴파일하는 중)
      C:\Users\KimJH\RandomTurnRpgProject\EternalHunter\item.h(1,7):
      'Item' 선언을 참조하십시오.
  
C:\Users\KimJH\RandomTurnRpgProject\EternalHunter\Shop.h(69,4): error C2027: 정의되지 않은 형식 'Player'을(를) 사용했습니다.
  (소스 파일 'main.cpp'을(를) 컴파일하는 중)
      C:\Users\KimJH\RandomTurnRpgProject\EternalHunter\player.h(4,7):
      'Player' 선언을 참조하십시오.
  
C:\Users\KimJH\RandomTurnRpgProject\EternalHunter\Shop.h(69,38): error C2027: 정의되지 않은 형식 'Item'을(를) 사용했습니다.
  (소스 파일 'main.cpp'을(를) 컴파일하는 중)
      C:\Users\KimJH\RandomTurnRpgProject\EternalHunter\item.h(1,7):
      'Item' 선언을 참조하십시오.
  
C:\Users\KimJH\RandomTurnRpgProject\EternalHunter\Shop.h(77,23): error C2027: 정의되지 않은 형식 'Player'을(를) 사용했습니다.
  (소스 파일 'main.cpp'을(를) 컴파일하는 중)
      C:\Users\KimJH\RandomTurnRpgProject\EternalHunter\player.h(4,7):
      'Player' 선언을 참조하십시오.
  
C:\Users\KimJH\RandomTurnRpgProject\EternalHunter\Shop.h(79,12): error C2027: 정의되지 않은 형식 'Player'을(를) 사용했습니다.
  (소스 파일 'main.cpp'을(를) 컴파일하는 중)
      C:\Users\KimJH\RandomTurnRpgProject\EternalHunter\player.h(4,7):
      'Player' 선언을 참조하십시오.
  
C:\Users\KimJH\RandomTurnRpgProject\EternalHunter\Shop.h(85,3): error C2027: 정의되지 않은 형식 'Player'을(를) 사용했습니다.
  (소스 파일 'main.cpp'을(를) 컴파일하는 중)
      C:\Users\KimJH\RandomTurnRpgProject\EternalHunter\player.h(4,7):
      'Player' 선언을 참조하십시오.
  
C:\Users\KimJH\RandomTurnRpgProject\EternalHunter\Shop.h(85,22): error C2027: 정의되지 않은 형식 'Player'을(를) 사용했습니다.
  (소스 파일 'main.cpp'을(를) 컴파일하는 중)
      C:\Users\KimJH\RandomTurnRpgProject\EternalHunter\player.h(4,7):
      'Player' 선언을 참조하십시오.
  
C:\Users\KimJH\RandomTurnRpgProject\EternalHunter\Shop.h(86,3): error C2027: 정의되지 않은 형식 'Player'을(를) 사용했습니다.
  (소스 파일 'main.cpp'을(를) 컴파일하는 중)
      C:\Users\KimJH\RandomTurnRpgProject\EternalHunter\player.h(4,7):
      'Player' 선언을 참조하십시오.
  
C:\Users\KimJH\RandomTurnRpgProject\EternalHunter\gameManager.h(23,12): warning C4244: '인수': 'time_t'에서 'unsigned int'(으)로 변환하면서 데이터가 손실될 수 있습니다.
  (소스 파일 'main.cpp'을(를) 컴파일하는 중)
  
C:\Users\KimJH\RandomTurnRpgProject\EternalHunter\gameManager.h(40,9): error C2079: 'GameManager::player'은(는) 정의되지 않은 class 'Player'을(를) 사용합니다.
  (소스 파일 'main.cpp'을(를) 컴파일하는 중)
  
C:\Users\KimJH\RandomTurnRpgProject\EternalHunter\gameManager.h(39,42): error C2027: 정의되지 않은 형식 'HealthPotion'을(를) 사용했습니다.
  (소스 파일 'main.cpp'을(를) 컴파일하는 중)
      C:\Users\KimJH\RandomTurnRpgProject\EternalHunter\item.h(20,7):
      'HealthPotion' 선언을 참조하십시오.
  
C:\Users\KimJH\RandomTurnRpgProject\EternalHunter\gameManager.h(39,60): error C2027: 정의되지 않은 형식 'DamageBoost'을(를) 사용했습니다.
  (소스 파일 'main.cpp'을(를) 컴파일하는 중)
      C:\Users\KimJH\RandomTurnRpgProject\EternalHunter\item.h(25,7):
      'DamageBoost' 선언을 참조하십시오.
  
C:\Users\KimJH\RandomTurnRpgProject\EternalHunter\gameManager.h(39,95): error C2027: 정의되지 않은 형식 'HealthPotion'을(를) 사용했습니다.
  (소스 파일 'main.cpp'을(를) 컴파일하는 중)
      C:\Users\KimJH\RandomTurnRpgProject\EternalHunter\item.h(20,7):
      'HealthPotion' 선언을 참조하십시오.
  
C:\Users\KimJH\RandomTurnRpgProject\EternalHunter\gameManager.h(39,113): error C2027: 정의되지 않은 형식 'DamageBoost'을(를) 사용했습니다.
  (소스 파일 'main.cpp'을(를) 컴파일하는 중)
      C:\Users\KimJH\RandomTurnRpgProject\EternalHunter\item.h(25,7):
      'DamageBoost' 선언을 참조하십시오.
  
C:\Users\KimJH\RandomTurnRpgProject\EternalHunter\gameManager.h(59,47): error C2027: 정의되지 않은 형식 'Item'을(를) 사용했습니다.
  (소스 파일 'main.cpp'을(를) 컴파일하는 중)
      C:\Users\KimJH\RandomTurnRpgProject\EternalHunter\item.h(1,7):
      'Item' 선언을 참조하십시오.
  
C:\Users\KimJH\RandomTurnRpgProject\EternalHunter\gameManager.h(60,24): error C2027: 정의되지 않은 형식 'Item'을(를) 사용했습니다.
  (소스 파일 'main.cpp'을(를) 컴파일하는 중)
      C:\Users\KimJH\RandomTurnRpgProject\EternalHunter\item.h(1,7):
      'Item' 선언을 참조하십시오.
  
C:\Users\KimJH\RandomTurnRpgProject\EternalHunter\gameManager.h(69,4): error C2664: 'void GameManager::DealDamage(Character,Character)': 인수 1을(를) 'int'에서 'Character'(으)로 변환할 수 없습니다.
  (소스 파일 'main.cpp'을(를) 컴파일하는 중)
      C:\Users\KimJH\RandomTurnRpgProject\EternalHunter\gameManager.h(69,15):
      'Character::Character': 모든 인수 형식을 변환할 수 있는 오버로드된 함수가 없습니다.
          C:\Users\KimJH\RandomTurnRpgProject\EternalHunter\character.h(62,1):
          'Character::Character(const Character &)'일 수 있습니다.
              C:\Users\KimJH\RandomTurnRpgProject\EternalHunter\gameManager.h(69,15):
              'Character::Character(const Character &)': 인수 1을(를) 'int'에서 'const Character &'(으)로 변환할 수 없습니다.
                  C:\Users\KimJH\RandomTurnRpgProject\EternalHunter\gameManager.h(69,15):
                  원인: 'int'에서 'const Character'(으)로 변환할 수 없습니다.
                  C:\Users\KimJH\RandomTurnRpgProject\EternalHunter\gameManager.h(69,15):
                  변환하려면 둘째 사용자 정의 변환 연산자 또는 생성자가 있어야 합니다.
          C:\Users\KimJH\RandomTurnRpgProject\EternalHunter\gameManager.h(69,15):
          인수 목록 '(int)'을(를) 일치시키는 동안
      C:\Users\KimJH\RandomTurnRpgProject\EternalHunter\gameManager.h(114,7):
      'GameManager::DealDamage' 선언을 참조하십시오.
      C:\Users\KimJH\RandomTurnRpgProject\EternalHunter\gameManager.h(69,4):
      인수 목록 '(int, Monster)'을(를) 일치시키는 동안
  
C:\Users\KimJH\RandomTurnRpgProject\EternalHunter\gameManager.h(75,4): error C2664: 'void GameManager::DealDamage(Character,Character)': 인수 2을(를) 'int'에서 'Character'(으)로 변환할 수 없습니다.
  (소스 파일 'main.cpp'을(를) 컴파일하는 중)
      C:\Users\KimJH\RandomTurnRpgProject\EternalHunter\gameManager.h(75,24):
      'Character::Character': 모든 인수 형식을 변환할 수 있는 오버로드된 함수가 없습니다.
          C:\Users\KimJH\RandomTurnRpgProject\EternalHunter\character.h(62,1):
          'Character::Character(const Character &)'일 수 있습니다.
              C:\Users\KimJH\RandomTurnRpgProject\EternalHunter\gameManager.h(75,24):
              'Character::Character(const Character &)': 인수 1을(를) 'int'에서 'const Character &'(으)로 변환할 수 없습니다.
                  C:\Users\KimJH\RandomTurnRpgProject\EternalHunter\gameManager.h(75,24):
                  원인: 'int'에서 'const Character'(으)로 변환할 수 없습니다.
                  C:\Users\KimJH\RandomTurnRpgProject\EternalHunter\gameManager.h(75,24):
                  변환하려면 둘째 사용자 정의 변환 연산자 또는 생성자가 있어야 합니다.
          C:\Users\KimJH\RandomTurnRpgProject\EternalHunter\gameManager.h(75,24):
          인수 목록 '(int)'을(를) 일치시키는 동안
      C:\Users\KimJH\RandomTurnRpgProject\EternalHunter\gameManager.h(114,7):
      'GameManager::DealDamage' 선언을 참조하십시오.
      C:\Users\KimJH\RandomTurnRpgProject\EternalHunter\gameManager.h(75,4):
      인수 목록 '(Monster, int)'을(를) 일치시키는 동안
  
C:\Users\KimJH\RandomTurnRpgProject\EternalHunter\gameManager.h(83,5): error C2660: 'GameManager::UsingItemWithProbability': 함수는 2개의 인수를 사용하지 않습니다.
  (소스 파일 'main.cpp'을(를) 컴파일하는 중)
      C:\Users\KimJH\RandomTurnRpgProject\EternalHunter\gameManager.h(55,7):
      'GameManager::UsingItemWithProbability' 선언을 참조하십시오.
      C:\Users\KimJH\RandomTurnRpgProject\EternalHunter\gameManager.h(83,5):
      인수 목록 '(int, int *)'을(를) 일치시키는 동안
  
C:\Users\KimJH\RandomTurnRpgProject\EternalHunter\gameManager.h(124,12): error C2664: 'void Shop::Shopping(Player *)': 인수 1을(를) 'int *'에서 'Player *'(으)로 변환할 수 없습니다.
  (소스 파일 'main.cpp'을(를) 컴파일하는 중)
      C:\Users\KimJH\RandomTurnRpgProject\EternalHunter\gameManager.h(124,23):
      가리킨 형식이 관련이 없습니다. 변환하려면 reinterpret_cast, C 스타일 캐스트 또는 괄호가 있는 함수 스타일 캐스트가 필요합니다.
      C:\Users\KimJH\RandomTurnRpgProject\EternalHunter\Shop.h(23,7):
      'Shop::Shopping' 선언을 참조하십시오.
      C:\Users\KimJH\RandomTurnRpgProject\EternalHunter\gameManager.h(124,12):
      인수 목록 '(int *)'을(를) 일치시키는 동안
  
C:\Users\KimJH\RandomTurnRpgProject\EternalHunter\gameManager.h(129,12): error C2664: 'void Shop::Shopping(Player *)': 인수 1을(를) 'int *'에서 'Player *'(으)로 변환할 수 없습니다.
  (소스 파일 'main.cpp'을(를) 컴파일하는 중)
      C:\Users\KimJH\RandomTurnRpgProject\EternalHunter\gameManager.h(129,23):
      가리킨 형식이 관련이 없습니다. 변환하려면 reinterpret_cast, C 스타일 캐스트 또는 괄호가 있는 함수 스타일 캐스트가 필요합니다.
      C:\Users\KimJH\RandomTurnRpgProject\EternalHunter\Shop.h(23,7):
      'Shop::Shopping' 선언을 참조하십시오.
      C:\Users\KimJH\RandomTurnRpgProject\EternalHunter\gameManager.h(129,12):
      인수 목록 '(int *)'을(를) 일치시키는 동안
  
C:\Users\KimJH\RandomTurnRpgProject\EternalHunter\main.cpp(8,18): error C2039: 'startGame': 'GameManager'의 멤버가 아닙니다.
      C:\Users\KimJH\RandomTurnRpgProject\EternalHunter\gameManager.h(35,7):
      'GameManager' 선언을 참조하십시오.
  
  monster.cpp
C:\Users\KimJH\RandomTurnRpgProject\EternalHunter\item.h(4,9): error C3646: 'name': 알 수 없는 재정의 지정자입니다.
  (소스 파일 'monster.cpp'을(를) 컴파일하는 중)
  
C:\Users\KimJH\RandomTurnRpgProject\EternalHunter\item.h(4,13): error C4430: 형식 지정자가 없습니다. int로 가정합니다. 참고: C++에서는 기본 int를 지원하지 않습니다.
  (소스 파일 'monster.cpp'을(를) 컴파일하는 중)
  
C:\Users\KimJH\RandomTurnRpgProject\EternalHunter\item.h(11,7): error C2061: 구문 오류: 식별자 'string'
  (소스 파일 'monster.cpp'을(를) 컴파일하는 중)
  
C:\Users\KimJH\RandomTurnRpgProject\EternalHunter\item.h(11,2): error C2535: 'Item::Item(void)': 멤버 함수를 이미 정의했거나 선언했습니다.
  (소스 파일 'monster.cpp'을(를) 컴파일하는 중)
      C:\Users\KimJH\RandomTurnRpgProject\EternalHunter\item.h(10,2):
      'Item::Item' 선언을 참조하십시오.
  
C:\Users\KimJH\RandomTurnRpgProject\EternalHunter\item.h(13,9): error C3646: 'getName': 알 수 없는 재정의 지정자입니다.
  (소스 파일 'monster.cpp'을(를) 컴파일하는 중)
  
C:\Users\KimJH\RandomTurnRpgProject\EternalHunter\item.h(13,16): error C2059: 구문 오류: '('
  (소스 파일 'monster.cpp'을(를) 컴파일하는 중)
  
C:\Users\KimJH\RandomTurnRpgProject\EternalHunter\item.h(13,19): error C2334: '{' 앞에 예기치 않은 토큰이 있습니다. 명백한 함수 본문을 건너뜁니다.
  (소스 파일 'monster.cpp'을(를) 컴파일하는 중)
  
C:\Users\KimJH\RandomTurnRpgProject\EternalHunter\item.h(10,9): error C2614: 'Item': 멤버 초기화가 잘못되었습니다. 'name'이(가) 기본 또는 멤버가 아닙니다.
  (소스 파일 'monster.cpp'을(를) 컴파일하는 중)
  
C:\Users\KimJH\RandomTurnRpgProject\EternalHunter\item.h(11,74): error C2065: 'name': 선언되지 않은 식별자입니다.
  (소스 파일 'monster.cpp'을(를) 컴파일하는 중)
  
C:\Users\KimJH\RandomTurnRpgProject\EternalHunter\item.h(11,69): error C2614: 'Item': 멤버 초기화가 잘못되었습니다. 'name'이(가) 기본 또는 멤버가 아닙니다.
  (소스 파일 'monster.cpp'을(를) 컴파일하는 중)
  
C:\Users\KimJH\RandomTurnRpgProject\EternalHunter\item.h(23,23): error C2661: 'Item::Item': 오버로드된 함수에서 4개의 인수를 사용하지 않습니다.
  (소스 파일 'monster.cpp'을(를) 컴파일하는 중)
      C:\Users\KimJH\RandomTurnRpgProject\EternalHunter\item.h(23,23):
      인수 목록 '(const char [14], int, int, int)'을(를) 일치시키는 동안
  
C:\Users\KimJH\RandomTurnRpgProject\EternalHunter\item.h(28,22): error C2661: 'Item::Item': 오버로드된 함수에서 4개의 인수를 사용하지 않습니다.
  (소스 파일 'monster.cpp'을(를) 컴파일하는 중)
      C:\Users\KimJH\RandomTurnRpgProject\EternalHunter\item.h(28,22):
      인수 목록 '(const char [13], int, int, int)'을(를) 일치시키는 동안
  
C:\Users\KimJH\RandomTurnRpgProject\EternalHunter\character.h(17,12): warning C4244: '인수': 'time_t'에서 'unsigned int'(으)로 변환하면서 데이터가 손실될 수 있습니다.
  (소스 파일 'monster.cpp'을(를) 컴파일하는 중)
  
C:\Users\KimJH\RandomTurnRpgProject\EternalHunter\item.h(2,1): error C2011: 'Item': 'class' 형식 재정의
  (소스 파일 'monster.cpp'을(를) 컴파일하는 중)
      C:\Users\KimJH\RandomTurnRpgProject\EternalHunter\item.h(1,7):
      'Item' 선언을 참조하십시오.
  
C:\Users\KimJH\RandomTurnRpgProject\EternalHunter\item.h(20,20): error C2011: 'HealthPotion': 'class' 형식 재정의
  (소스 파일 'monster.cpp'을(를) 컴파일하는 중)
      C:\Users\KimJH\RandomTurnRpgProject\EternalHunter\item.h(20,7):
      'HealthPotion' 선언을 참조하십시오.
  
C:\Users\KimJH\RandomTurnRpgProject\EternalHunter\item.h(25,19): error C2011: 'DamageBoost': 'class' 형식 재정의
  (소스 파일 'monster.cpp'을(를) 컴파일하는 중)
      C:\Users\KimJH\RandomTurnRpgProject\EternalHunter\item.h(25,7):
      'DamageBoost' 선언을 참조하십시오.
  
C:\Users\KimJH\RandomTurnRpgProject\EternalHunter\monster.cpp(13,30): error C2027: 정의되지 않은 형식 'HealthPotion'을(를) 사용했습니다.
      C:\Users\KimJH\RandomTurnRpgProject\EternalHunter\item.h(20,7):
      'HealthPotion' 선언을 참조하십시오.
  
C:\Users\KimJH\RandomTurnRpgProject\EternalHunter\monster.cpp(29,47): warning C4244: '인수': 'float'에서 'int'(으)로 변환하면서 데이터가 손실될 수 있습니다.
C:\Users\KimJH\RandomTurnRpgProject\EternalHunter\monster.cpp(29,84): warning C4244: '인수': 'float'에서 'int'(으)로 변환하면서 데이터가 손실될 수 있습니다.
C:\Users\KimJH\RandomTurnRpgProject\EternalHunter\monster.cpp(29,120): warning C4244: '인수': 'float'에서 'int'(으)로 변환하면서 데이터가 손실될 수 있습니다.
  코드를 생성하고 있습니다...
